---------------------------------------------------
src/debug/draw_2d_line.c
---------------------------------------------------
src/debug/draw_2d_line.c
---------------------------------------------------
src/debug/draw_2d_line.c
---------------------------------------------------
src/handling_keys.c
---------------------------------------------------
src/draw/init_img.c
src/draw/img_to_widow.c
src/draw/line_to_img.c
src/calcul/calcul_game.c
src/calcul/start_end.c
src/calcul/player.c
src/calcul/delta.c
src/calcul/step_sides.c
src/calcul/raydir.c
src/calcul/perpWallDist_hight.c
src/calcul/dda.c
src/debug/draw_2d_line.c
src/utils/ft_abs.c
src/utils/get_next_line_utils.c
src/utils/get_next_line.c
src/parser/parser_helpers.c
src/parser/parser_parse_player_data.c
src/parser/parser_get_textures.c
src/parser/parser_parse_map.c
src/parser/parser_error_free_data.c
src/parser/parser_parse_config.c
src/parser/parser_check_parsed_map.c
src/parser/parser_parse_colors.c
src/parser/parser.c
src/handling_keys.c
src/game_loop.c
src/exit_game.c
src/print_functions.c
src/main.c
src/mlx_hook.c
src/point.c
src/init.c
src/vectors.c
---------------------------------------------------
src/handling_keys.c
---------------------------------------------------
src/mlx_hook.c
---------------------------------------------------
src/mlx_hook.c
---------------------------------------------------
src/draw/init_img.c
src/draw/img_to_widow.c
src/draw/line_to_img.c
src/calcul/calcul_game.c
src/calcul/start_end.c
src/calcul/player.c
src/calcul/delta.c
src/calcul/step_sides.c
src/calcul/raydir.c
src/calcul/perpWallDist_hight.c
src/calcul/dda.c
src/debug/draw_2d_line.c
src/utils/ft_abs.c
src/utils/get_next_line_utils.c
src/utils/get_next_line.c
src/parser/parser_helpers.c
src/parser/parser_parse_player_data.c
src/parser/parser_get_textures.c
src/parser/parser_parse_map.c
src/parser/parser_error_free_data.c
src/parser/parser_parse_config.c
src/parser/parser_check_parsed_map.c
src/parser/parser_parse_colors.c
src/parser/parser.c
src/handling_keys.c
src/game_loop.c
src/exit_game.c
src/print_functions.c
src/main.c
src/mlx_hook.c
src/point.c
src/init.c
src/vectors.c
